<?xml version="1.0" encoding="UTF-8"?>
<!-- Generated by org.testng.reporters.JUnitXMLReporter -->
<testsuite ignored="9" hostname="INVENGER-819" failures="0" tests="1" name="Default test" time="1.916" errors="0" timestamp="2025-06-02T12:12:01 IST">
  <testcase classname="First.HttpRequest" name="jsonArrayPost" time="1.874"/>
  <testcase classname="First.HttpRequest" name="deleteData" time="0.0">
    <ignored/>
  </testcase> <!-- deleteData -->
  <testcase classname="First.HttpRequest" name="deleteUser2" time="0.0">
    <ignored/>
  </testcase> <!-- deleteUser2 -->
  <testcase classname="First.HttpRequest" name="postJsonObj" time="0.0">
    <ignored/>
  </testcase> <!-- postJsonObj -->
  <testcase classname="First.HttpRequest" name="updateData" time="0.0">
    <ignored/>
  </testcase> <!-- updateData -->
  <testcase classname="First.HttpRequest" name="getUser" time="0.0">
    <ignored/>
  </testcase> <!-- getUser -->
  <testcase classname="First.HttpRequest" name="updateUser2" time="0.0">
    <ignored/>
  </testcase> <!-- updateUser2 -->
  <testcase classname="First.HttpRequest" name="createUser2" time="0.0">
    <ignored/>
  </testcase> <!-- createUser2 -->
  <testcase classname="First.HttpRequest" name="patchRequest" time="0.0">
    <ignored/>
  </testcase> <!-- patchRequest -->
  <testcase classname="First.HttpRequest" name="createUser" time="0.0">
    <ignored/>
  </testcase> <!-- createUser -->
</testsuite> <!-- Default test -->
