<?xml version="1.0" encoding="UTF-8"?>
<!-- Generated by org.testng.reporters.JUnitXMLReporter -->
<testsuite ignored="3" hostname="INVENGER-819" failures="0" tests="1" name="Default test" time="1.881" errors="0" timestamp="2025-07-07T12:49:20 IST">
  <testcase classname="First.Validations" name="verifyStatusLine" time="1.85"/>
  <testcase classname="First.Validations" name="verifyResponseBody" time="0.0">
    <ignored/>
  </testcase> <!-- verifyResponseBody -->
  <testcase classname="First.Validations" name="verifyContentType" time="0.0">
    <ignored/>
  </testcase> <!-- verifyContentType -->
  <testcase classname="First.Validations" name="verifyStatusCode" time="0.0">
    <ignored/>
  </testcase> <!-- verifyStatusCode -->
</testsuite> <!-- Default test -->
