<?xml version="1.0" encoding="UTF-8"?>
<testng-results ignored="0" total="1" passed="1" failed="0" skipped="0">
  <reporter-output>
  </reporter-output>
  <suite started-at="2025-09-26T10:08:48 IST" name="Default suite" finished-at="2025-09-26T10:08:51 IST" duration-ms="2770">
    <groups>
    </groups>
    <test started-at="2025-09-26T10:08:48 IST" name="Default test" finished-at="2025-09-26T10:08:51 IST" duration-ms="2770">
      <class name="First.ContentType_Demo">
        <test-method signature="with_test()[pri:0, instance:First.ContentType_Demo@6fdbe764]" started-at="2025-09-26T10:08:48 IST" name="with_test" finished-at="2025-09-26T10:08:51 IST" duration-ms="2731" status="PASS">
          <reporter-output>
          </reporter-output>
        </test-method> <!-- with_test -->
      </class> <!-- First.ContentType_Demo -->
    </test> <!-- Default test -->
  </suite> <!-- Default suite -->
</testng-results>
