<?xml version="1.0" encoding="UTF-8"?>
<testng-results ignored="0" total="2" passed="2" failed="0" skipped="0">
  <reporter-output>
  </reporter-output>
  <suite started-at="2024-07-29T17:37:46 IST" name="Default suite" finished-at="2024-07-29T17:37:50 IST" duration-ms="3514">
    <groups>
    </groups>
    <test started-at="2024-07-29T17:37:46 IST" name="Default test" finished-at="2024-07-29T17:37:50 IST" duration-ms="3514">
      <class name="First.HttpRequest">
        <test-method signature="createUser()[pri:2, instance:First.HttpRequest@47e2e487]" started-at="2024-07-29T17:37:46 IST" name="createUser" finished-at="2024-07-29T17:37:49 IST" duration-ms="2932" status="PASS">
          <reporter-output>
          </reporter-output>
        </test-method> <!-- createUser -->
        <test-method signature="deleteData()[pri:3, instance:First.HttpRequest@47e2e487]" started-at="2024-07-29T17:37:49 IST" name="deleteData" finished-at="2024-07-29T17:37:50 IST" depends-on-methods="First.HttpRequest.createUser" duration-ms="523" status="PASS">
          <reporter-output>
          </reporter-output>
        </test-method> <!-- deleteData -->
      </class> <!-- First.HttpRequest -->
    </test> <!-- Default test -->
  </suite> <!-- Default suite -->
</testng-results>
